[    19.145] Information: The server relies on udev to provide the list of input devices.
[    19.147] Information: Loader magic: 0x5605e71b0020
[    19.147] Information: Module ABI versions:
[    19.149] Information: systemd-logind: logind integration requires -keeptty and -keeptty was not provided, disabling logind integration
[    19.150] Information: xfree86: Adding drm device (/dev/dri/card0)
[    19.164] Information: LoadModule: "glx"
[    19.165] Information: Loading /usr/lib/xorg/modules/extensions/libglx.so
[    19.192] Information: Module glx: vendor="X.Org Foundation"
[    19.192] Information: LoadModule: "vmware"
[    19.192] Information: Loading /usr/lib/xorg/modules/drivers/vmware_drv.so
[    19.554] Information: Module vmware: vendor="X.Org Foundation"
[    19.554] Information: LoadModule: "modesetting"
[    19.554] Information: Loading /usr/lib/xorg/modules/drivers/modesetting_drv.so
[    19.558] Information: Module modesetting: vendor="X.Org Foundation"
[    19.558] Information: LoadModule: "fbdev"
[    19.558] Information: Loading /usr/lib/xorg/modules/drivers/fbdev_drv.so
[    19.561] Information: Module fbdev: vendor="X.Org Foundation"
[    19.561] Information: LoadModule: "vesa"
[    19.568] Information: Loading /usr/lib/xorg/modules/drivers/vesa_drv.so
[    19.569] Information: Module vesa: vendor="X.Org Foundation"
[    19.569] Information: vmware: driver for VMware SVGA: vmware0405, vmware0710
[    19.569] Information: modesetting: Driver for Modesetting Kernel Drivers: kms
[    19.569] Information: FBDEV: driver for framebuffer: fbdev
[    19.570] Information: VESA: driver for VESA chipsets: vesa
[    19.573] Information: Loading sub module "fbdevhw"
[    19.573] Information: LoadModule: "fbdevhw"
[    19.573] Information: Loading /usr/lib/xorg/modules/libfbdevhw.so
[    19.575] Information: Module fbdevhw: vendor="X.Org Foundation"
[    19.575] Information: vmware(0): Creating default Display subsection in Screen section
[    19.576] Information: vmware(0): Output Virtual1 has no monitor section
[    19.576] Information: vmware(0): Output Virtual2 has no monitor section
[    19.576] Information: vmware(0): Output Virtual3 has no monitor section
[    19.576] Information: vmware(0): Output Virtual4 has no monitor section
[    19.576] Information: vmware(0): Output Virtual5 has no monitor section
[    19.576] Information: vmware(0): Output Virtual6 has no monitor section
[    19.576] Information: vmware(0): Output Virtual7 has no monitor section
[    19.576] Information: vmware(0): Output Virtual8 has no monitor section
[    19.576] Information: vmware(0): Printing probed modes for output Virtual1
[    19.576] Information: vmware(0): Modeline "920x902"x60.0   67.54  920 970 1020 1070  902 952 1002 1052 -hsync +vsync (63.1 kHz eP)
[    19.576] Information: vmware(0): Modeline "2560x1600"x60.0  348.50  2560 2752 3032 3504  1600 1603 1609 1658 -hsync +vsync (99.5 kHz e)
[    19.576] Information: vmware(0): Modeline "1920x1440"x60.0  234.00  1920 2048 2256 2600  1440 1441 1444 1500 -hsync +vsync (90.0 kHz e)
[    19.576] Information: vmware(0): Modeline "1856x1392"x60.0  218.25  1856 1952 2176 2528  1392 1393 1396 1439 -hsync +vsync (86.3 kHz e)
[    19.576] Information: vmware(0): Modeline "1792x1344"x60.0  204.75  1792 1920 2120 2448  1344 1345 1348 1394 -hsync +vsync (83.6 kHz e)
[    19.576] Information: vmware(0): Modeline "1920x1200"x59.9  193.25  1920 2056 2256 2592  1200 1203 1209 1245 -hsync +vsync (74.6 kHz e)
[    19.576] Information: vmware(0): Modeline "1600x1200"x60.0  162.00  1600 1664 1856 2160  1200 1201 1204 1250 +hsync +vsync (75.0 kHz e)
[    19.576] Information: vmware(0): Modeline "1680x1050"x60.0  146.25  1680 1784 1960 2240  1050 1053 1059 1089 -hsync +vsync (65.3 kHz e)
[    19.576] Information: vmware(0): Modeline "1400x1050"x60.0  121.75  1400 1488 1632 1864  1050 1053 1057 1089 -hsync +vsync (65.3 kHz e)
[    19.576] Information: vmware(0): Modeline "1280x1024"x60.0  108.00  1280 1328 1440 1688  1024 1025 1028 1066 +hsync +vsync (64.0 kHz e)
[    19.576] Information: vmware(0): Modeline "1440x900"x59.9  106.50  1440 1520 1672 1904  900 903 909 934 -hsync +vsync (55.9 kHz e)
[    19.576] Information: vmware(0): Modeline "1280x960"x60.0  108.00  1280 1376 1488 1800  960 961 964 1000 +hsync +vsync (60.0 kHz e)
[    19.576] Information: vmware(0): Modeline "1360x768"x60.0   85.50  1360 1424 1536 1792  768 771 777 795 +hsync +vsync (47.7 kHz e)
[    19.576] Information: vmware(0): Modeline "1280x800"x59.8   83.50  1280 1352 1480 1680  800 803 809 831 +hsync -vsync (49.7 kHz e)
[    19.576] Information: vmware(0): Modeline "1152x864"x75.0  108.00  1152 1216 1344 1600  864 865 868 900 +hsync +vsync (67.5 kHz e)
[    19.576] Information: vmware(0): Modeline "1280x768"x59.9   79.50  1280 1344 1472 1664  768 771 778 798 -hsync +vsync (47.8 kHz e)
[    19.576] Information: vmware(0): Modeline "1024x768"x60.0   65.00  1024 1048 1184 1344  768 771 777 806 -hsync -vsync (48.4 kHz e)
[    19.576] Information: vmware(0): Modeline "800x600"x60.3   40.00  800 840 968 1056  600 601 605 628 +hsync +vsync (37.9 kHz e)
[    19.576] Information: vmware(0): Modeline "640x480"x59.9   25.18  640 656 752 800  480 489 492 525 -hsync -vsync (31.5 kHz e)
[    19.576] Information: vmware(0): EDID for output Virtual2
[    19.576] Information: vmware(0): EDID for output Virtual3
[    19.576] Information: vmware(0): EDID for output Virtual4
[    19.576] Information: vmware(0): EDID for output Virtual5
[    19.576] Information: vmware(0): EDID for output Virtual6
[    19.577] Information: vmware(0): EDID for output Virtual7
[    19.577] Information: vmware(0): EDID for output Virtual8
[    19.577] Information: vmware(0): Output Virtual1 connected
[    19.577] Information: vmware(0): Output Virtual2 disconnected
[    19.577] Information: vmware(0): Output Virtual3 disconnected
[    19.577] Information: vmware(0): Output Virtual4 disconnected
[    19.577] Information: vmware(0): Output Virtual5 disconnected
[    19.577] Information: vmware(0): Output Virtual6 disconnected
[    19.577] Information: vmware(0): Output Virtual7 disconnected
[    19.577] Information: vmware(0): Output Virtual8 disconnected
[    19.577] Information: vmware(0): Using exact sizes for initial modes
[    19.577] Information: vmware(0): Output Virtual1 using initial mode 920x902 +0+0
[    19.583] Information: Loading sub module "fb"
[    19.583] Information: LoadModule: "fb"
[    19.583] Information: Loading /usr/lib/xorg/modules/libfb.so
[    19.604] Information: Module fb: vendor="X.Org Foundation"
[    19.604] Information: Loading sub module "dri2"
[    19.605] Information: LoadModule: "dri2"
[    19.605] Information: Module "dri2" already built-in
[    19.605] Information: UnloadModule: "modesetting"
[    19.605] Information: Unloading modesetting
[    19.605] Information: UnloadModule: "fbdev"
[    19.605] Information: Unloading fbdev
[    19.605] Information: UnloadSubModule: "fbdevhw"
[    19.605] Information: Unloading fbdevhw
[    19.605] Information: UnloadModule: "vesa"
[    19.605] Information: Unloading vesa
[    19.609] Information: vmware(0): Initialized VMWARE_CTRL extension version 0.2
[    19.627] Information: vmware(0): RandR 1.2 enabled, ignore the following RandR disabled message.
[    19.629] Information: vmware(0): No 3D acceleration. Not setting up textured video.
[    19.636] Information: SELinux: Disabled on system
[    19.637] Information: AIGLX: Screen 0 is not DRI2 capable
[    19.777] Information: IGLX: enabled GLX_MESA_copy_sub_buffer
[    19.778] Information: IGLX: Loaded and initialized swrast
[    19.778] Information: GLX: Initialized DRISWRAST GL provider for screen 0
[    19.783] Information: vmware(0): Setting screen physical size to 243 x 238
[    19.898] Information: config/udev: Adding input device Power Button (/dev/input/event0)
[    19.898] Information: LoadModule: "libinput"
[    19.898] Information: Loading /usr/lib/xorg/modules/input/libinput_drv.so
[    19.909] Information: Module libinput: vendor="X.Org Foundation"
[    19.909] Information: Using input driver 'libinput' for 'Power Button'
[    19.910] Information: event0  - Power Button: is tagged by udev as: Keyboard
[    19.910] Information: event0  - Power Button: device is a keyboard
[    19.910] Information: event0  - Power Button: device removed
[    19.910] Information: XINPUT: Adding extended input device "Power Button" (type: KEYBOARD, id 6)
[    19.911] Information: event0  - Power Button: is tagged by udev as: Keyboard
[    19.911] Information: event0  - Power Button: device is a keyboard
[    19.912] Information: config/udev: Adding input device Sleep Button (/dev/input/event1)
[    19.912] Information: Using input driver 'libinput' for 'Sleep Button'
[    19.912] Information: event1  - Sleep Button: is tagged by udev as: Keyboard
[    19.912] Information: event1  - Sleep Button: device is a keyboard
[    19.912] Information: event1  - Sleep Button: device removed
[    19.912] Information: XINPUT: Adding extended input device "Sleep Button" (type: KEYBOARD, id 7)
[    19.913] Information: event1  - Sleep Button: is tagged by udev as: Keyboard
[    19.913] Information: event1  - Sleep Button: device is a keyboard
[    19.913] Information: config/udev: Adding input device Video Bus (/dev/input/event3)
[    19.913] Information: Using input driver 'libinput' for 'Video Bus'
[    19.913] Information: event3  - Video Bus: is tagged by udev as: Keyboard
[    19.913] Information: event3  - Video Bus: device is a keyboard
[    19.914] Information: event3  - Video Bus: device removed
[    19.914] Information: XINPUT: Adding extended input device "Video Bus" (type: KEYBOARD, id 8)
[    19.914] Information: event3  - Video Bus: is tagged by udev as: Keyboard
[    19.914] Information: event3  - Video Bus: device is a keyboard
[    19.915] Information: config/udev: Adding input device VirtualBox mouse integration (/dev/input/event6)
[    19.915] Information: Using input driver 'libinput' for 'VirtualBox mouse integration'
[    19.915] Information: event6  - VirtualBox mouse integration: is tagged by udev as: Mouse
[    19.916] Information: event6  - VirtualBox mouse integration: device is a pointer
[    19.916] Information: event6  - VirtualBox mouse integration: device removed
[    19.916] Information: XINPUT: Adding extended input device "VirtualBox mouse integration" (type: MOUSE, id 9)
[    19.916] Information: event6  - VirtualBox mouse integration: is tagged by udev as: Mouse
[    19.916] Information: event6  - VirtualBox mouse integration: device is a pointer
[    19.917] Information: config/udev: Adding input device VirtualBox mouse integration (/dev/input/js1)
[    19.917] Information: No input driver specified, ignoring this device.
[    19.917] Information: This device may have been added with another device file.
[    19.917] Information: config/udev: Adding input device VirtualBox USB Tablet (/dev/input/event5)
[    19.917] Information: Using input driver 'libinput' for 'VirtualBox USB Tablet'
[    19.979] Information: event5  - VirtualBox USB Tablet: is tagged by udev as: Mouse
[    19.979] Information: event5  - VirtualBox USB Tablet: device is a pointer
[    19.979] Information: event5  - VirtualBox USB Tablet: device removed
[    19.981] Information: XINPUT: Adding extended input device "VirtualBox USB Tablet" (type: MOUSE, id 10)
[    20.042] Information: event5  - VirtualBox USB Tablet: is tagged by udev as: Mouse
[    20.042] Information: event5  - VirtualBox USB Tablet: device is a pointer
[    20.046] Information: config/udev: Adding input device VirtualBox USB Tablet (/dev/input/js0)
[    20.046] Information: No input driver specified, ignoring this device.
[    20.046] Information: This device may have been added with another device file.
[    20.050] Information: config/udev: Adding input device VirtualBox USB Tablet (/dev/input/mouse1)
[    20.051] Information: No input driver specified, ignoring this device.
[    20.051] Information: This device may have been added with another device file.
[    20.054] Information: config/udev: Adding input device AT Translated Set 2 keyboard (/dev/input/event2)
[    20.055] Information: Using input driver 'libinput' for 'AT Translated Set 2 keyboard'
[    20.058] Information: event2  - AT Translated Set 2 keyboard: is tagged by udev as: Keyboard
[    20.058] Information: event2  - AT Translated Set 2 keyboard: device is a keyboard
[    20.058] Information: event2  - AT Translated Set 2 keyboard: device removed
[    20.059] Information: XINPUT: Adding extended input device "AT Translated Set 2 keyboard" (type: KEYBOARD, id 11)
[    20.059] Information: event2  - AT Translated Set 2 keyboard: is tagged by udev as: Keyboard
[    20.059] Information: event2  - AT Translated Set 2 keyboard: device is a keyboard
[    20.060] Information: config/udev: Adding input device ImExPS/2 Generic Explorer Mouse (/dev/input/event4)
[    20.060] Information: Using input driver 'libinput' for 'ImExPS/2 Generic Explorer Mouse'
[    20.061] Information: event4  - ImExPS/2 Generic Explorer Mouse: is tagged by udev as: Mouse
[    20.061] Information: event4  - ImExPS/2 Generic Explorer Mouse: device is a pointer
[    20.061] Information: event4  - ImExPS/2 Generic Explorer Mouse: device removed
[    20.061] Information: XINPUT: Adding extended input device "ImExPS/2 Generic Explorer Mouse" (type: MOUSE, id 12)
[    20.062] Information: event4  - ImExPS/2 Generic Explorer Mouse: is tagged by udev as: Mouse
[    20.062] Information: event4  - ImExPS/2 Generic Explorer Mouse: device is a pointer
[    20.062] Information: config/udev: Adding input device ImExPS/2 Generic Explorer Mouse (/dev/input/mouse0)
[    20.062] Information: No input driver specified, ignoring this device.
[    20.062] Information: This device may have been added with another device file.
[   138.809] Information: event4  - ImExPS/2 Generic Explorer Mouse: Enabling spurious button debouncing, see https://wayland.freedesktop.org/libinput/doc/1.10.4/button_debouncing.html for details
[    19.144] Warning: The directory "/usr/share/fonts/X11/cyrillic" does not exist.
[    19.144] Warning: The directory "/usr/share/fonts/X11/100dpi/" does not exist.
[    19.144] Warning: The directory "/usr/share/fonts/X11/75dpi/" does not exist.
[    19.145] Warning: The directory "/usr/share/fonts/X11/100dpi" does not exist.
[    19.145] Warning: The directory "/usr/share/fonts/X11/75dpi" does not exist.
[    19.573] Warning: Falling back to old probe method for modesetting
[    19.573] Warning: Falling back to old probe method for fbdev
[    19.575] Warning: Falling back to old probe method for vesa
[    19.625] Warning: vmware(0): Failed to initialize Gallium3D Xa. No render acceleration available.
[    19.625] Warning: vmware(0): Skipped initialization of direct rendering due to lack of render acceleration.
[    19.629] Warning: vmware(0): Disabling Xv because no adaptors could be initialized.
